21:6:30 GET: /api/books user-agent: PostmanRuntime/7.28.4
21:17:17 POST: /api/upload user-agent: PostmanRuntime/7.28.4
21:18:17 POST: /api/books/upload user-agent: PostmanRuntime/7.28.4
21:18:40 POST: /api/books/upload user-agent: PostmanRuntime/7.28.4
21:18:48 POST: /api/books/upload user-agent: PostmanRuntime/7.28.4
21:19:17 POST: /api/books/upload user-agent: PostmanRuntime/7.28.4
21:19:37 POST: /api/books/upload user-agent: PostmanRuntime/7.28.4
21:19:52 POST: /api/books/upload user-agent: PostmanRuntime/7.28.4
21:19:57 POST: /api/books/upload user-agent: PostmanRuntime/7.28.4
21:22:3 POST: /api/books/upload user-agent: PostmanRuntime/7.28.4
21:23:15 POST: /api/books/upload user-agent: PostmanRuntime/7.28.4
21:23:32 POST: /api/books/upload user-agent: PostmanRuntime/7.28.4
21:23:53 POST: /api/books/upload1 user-agent: PostmanRuntime/7.28.4
21:23:56 POST: /api/books/upload user-agent: PostmanRuntime/7.28.4
21:24:24 POST: /api/books/upload user-agent: PostmanRuntime/7.28.4
21:24:35 POST: /api/books/upload user-agent: PostmanRuntime/7.28.4
21:34:54 POST: /api/books/upload user-agent: PostmanRuntime/7.28.4
21:35:24 POST: /api/books/upload user-agent: PostmanRuntime/7.28.4
21:36:16 POST: /api/books/upload user-agent: PostmanRuntime/7.28.4
21:41:19 POST: /api/books user-agent: PostmanRuntime/7.28.4
21:47:45 GET: /api/books user-agent: PostmanRuntime/7.28.4
21:48:1 POST: /api/books/70cdf5db-44fd-449f-9aa5-dab0eb8d2fbb/upload user-agent: PostmanRuntime/7.28.4
21:48:47 GET: /api/books/70cdf5db-44fd-449f-9aa5-dab0eb8d2fbb/download user-agent: PostmanRuntime/7.28.4
21:50:37 GET: /api/books/70cdf5db-44fd-449f-9aa5-dab0eb8d2fbb/download user-agent: PostmanRuntime/7.28.4
21:50:43 GET: /api/books/70cdf5db-44fd-449f-9aa5-dab0eb8d2fbb/download user-agent: PostmanRuntime/7.28.4
21:51:31 GET: /api/books/70cdf5db-44fd-449f-9aa5-dab0eb8d2fbb/download user-agent: PostmanRuntime/7.28.4
21:51:40 GET: /api/books user-agent: PostmanRuntime/7.28.4
21:52:2 POST: /api/books/e4abcd5b-4309-46b5-929f-fcf77fdad8ca/upload user-agent: PostmanRuntime/7.28.4
21:52:7 GET: /api/books user-agent: PostmanRuntime/7.28.4
21:52:24 GET: /api/books/e4abcd5b-4309-46b5-929f-fcf77fdad8ca/upload user-agent: PostmanRuntime/7.28.4
21:52:44 GET: /api/books/e4abcd5b-4309-46b5-929f-fcf77fdad8ca/download user-agent: PostmanRuntime/7.28.4
21:53:36 GET: /api/books user-agent: PostmanRuntime/7.28.4
21:53:46 GET: /api/books/upload/8ffa2cc9-a9e4-4582-b887-d63f995db810 user-agent: PostmanRuntime/7.28.4
21:53:53 POST: /api/books/upload/8ffa2cc9-a9e4-4582-b887-d63f995db810 user-agent: PostmanRuntime/7.28.4
21:54:1 GET: /api/books/download/8ffa2cc9-a9e4-4582-b887-d63f995db810 user-agent: PostmanRuntime/7.28.4
21:56:36 POST: /api/books/download/8ffa2cc9-a9e4-4582-b887-d63f995db810 user-agent: PostmanRuntime/7.28.4
21:56:45 GET: /api/books user-agent: PostmanRuntime/7.28.4
21:56:56 POST: /api/books/upload/3cf9bc64-4a4b-4e9a-bb7b-241e8dad8860 user-agent: PostmanRuntime/7.28.4
